2024-10-04 15:56:49,932 - functions - INFO - Starting Crf_dict_cursor function
2024-10-04 15:56:49,932 - functions - DEBUG - Request URL: https://api.crossref.org/works?query.affiliation=Salisbury University&filter=from-pub-date:2024-01-01,until-pub-date:2024-12-12&sort=relevance&order=desc&rows=1000&cursor=*
2024-10-04 15:56:49,934 - urllib3.connectionpool - DEBUG - Starting new HTTPS connection (1): api.crossref.org:443
2024-10-04 15:56:52,999 - urllib3.connectionpool - DEBUG - https://api.crossref.org:443 "GET /works?query.affiliation=Salisbury%20University&filter=from-pub-date:2024-01-01,until-pub-date:2024-12-12&sort=relevance&order=desc&rows=1000&cursor=* HTTP/1.1" 200 None
2024-10-04 15:56:53,850 - functions - INFO - Processing API Pages from 2024-01-01 to 2024-12-12
2024-10-04 15:56:53,852 - urllib3.connectionpool - DEBUG - Starting new HTTPS connection (1): api.crossref.org:443
2024-10-04 15:56:57,280 - urllib3.connectionpool - DEBUG - https://api.crossref.org:443 "GET /works?query.affiliation=Salisbury%20University&filter=from-pub-date:2024-01-01,until-pub-date:2024-12-12&sort=relevance&order=desc&rows=1000&cursor=* HTTP/1.1" 200 None
2024-10-04 15:57:01,085 - urllib3.connectionpool - DEBUG - Starting new HTTPS connection (1): api.crossref.org:443
2024-10-04 15:57:05,419 - urllib3.connectionpool - DEBUG - https://api.crossref.org:443 "GET /works?query.affiliation=Salisbury%20University&filter=from-pub-date:2024-01-01,until-pub-date:2024-12-12&sort=relevance&order=desc&rows=1000&cursor=DnF1ZXJ5VGhlbkZldGNoBgAAAAAdUbjMFmFScjNDcGpYUUVPbTJ4Skp0NFpiN2cAAAAAGopgMBZvMEJoaVdrd1RSZUtsbTRZQ0FjWS1BAAAAAB1YZ7cWazdXTlZoRnVScFMtNnhxN1A4eEhEUQAAAAAdmrKsFjNsQ3YwX25kUnFtNjhDTVFFZmVCNHcAAAAAG7ub6BYzLTl6di15UVI5T0R0ekU1ZDU1emRRAAAAAAnw9tEWbXNDZkMzblNRQldDelVoSm5BNXNSdw== HTTP/1.1" 200 None
2024-10-04 15:57:06,392 - functions - INFO - Processing Complete
2024-10-04 16:01:57,574 - functions - INFO - Starting Crf_dict_cursor function
2024-10-04 16:01:57,574 - functions - DEBUG - Request URL: https://api.crossref.org/works?query.affiliation=Salisbury University&filter=from-pub-date:2024-01-01,until-pub-date:2024-12-12&sort=relevance&order=desc&rows=2000&cursor=*
2024-10-04 16:01:57,576 - urllib3.connectionpool - DEBUG - Starting new HTTPS connection (1): api.crossref.org:443
2024-10-04 16:01:57,707 - urllib3.connectionpool - DEBUG - https://api.crossref.org:443 "GET /works?query.affiliation=Salisbury%20University&filter=from-pub-date:2024-01-01,until-pub-date:2024-12-12&sort=relevance&order=desc&rows=2000&cursor=* HTTP/1.1" 400 None
2024-10-04 16:02:21,537 - functions - INFO - Starting Crf_dict_cursor function
2024-10-04 16:02:21,537 - functions - DEBUG - Request URL: https://api.crossref.org/works?query.affiliation=Salisbury University&filter=from-pub-date:2024-01-01,until-pub-date:2024-12-12&sort=relevance&order=desc&rows=2000&cursor=*
2024-10-04 16:02:21,539 - urllib3.connectionpool - DEBUG - Starting new HTTPS connection (1): api.crossref.org:443
2024-10-04 16:02:21,665 - urllib3.connectionpool - DEBUG - https://api.crossref.org:443 "GET /works?query.affiliation=Salisbury%20University&filter=from-pub-date:2024-01-01,until-pub-date:2024-12-12&sort=relevance&order=desc&rows=2000&cursor=* HTTP/1.1" 400 None
2024-10-04 16:02:30,262 - functions - INFO - Starting Crf_dict_cursor function
2024-10-04 16:02:30,263 - functions - DEBUG - Request URL: https://api.crossref.org/works?query.affiliation=Salisbury University&filter=from-pub-date:2024-01-01,until-pub-date:2024-12-12&sort=relevance&order=desc&rows=1000&cursor=*
2024-10-04 16:02:30,264 - urllib3.connectionpool - DEBUG - Starting new HTTPS connection (1): api.crossref.org:443
2024-10-04 16:02:33,632 - urllib3.connectionpool - DEBUG - https://api.crossref.org:443 "GET /works?query.affiliation=Salisbury%20University&filter=from-pub-date:2024-01-01,until-pub-date:2024-12-12&sort=relevance&order=desc&rows=1000&cursor=* HTTP/1.1" 200 None
2024-10-04 16:02:34,402 - functions - INFO - Processing API Pages from 2024-01-01 to 2024-12-12
2024-10-04 16:02:34,403 - urllib3.connectionpool - DEBUG - Starting new HTTPS connection (1): api.crossref.org:443
2024-10-04 16:02:39,962 - urllib3.connectionpool - DEBUG - https://api.crossref.org:443 "GET /works?query.affiliation=Salisbury%20University&filter=from-pub-date:2024-01-01,until-pub-date:2024-12-12&sort=relevance&order=desc&rows=1000&cursor=* HTTP/1.1" 200 None
2024-10-04 16:02:43,985 - urllib3.connectionpool - DEBUG - Starting new HTTPS connection (1): api.crossref.org:443
2024-10-04 16:02:47,745 - urllib3.connectionpool - DEBUG - https://api.crossref.org:443 "GET /works?query.affiliation=Salisbury%20University&filter=from-pub-date:2024-01-01,until-pub-date:2024-12-12&sort=relevance&order=desc&rows=1000&cursor=DnF1ZXJ5VGhlbkZldGNoBgAAAAAdUc9mFmFScjNDcGpYUUVPbTJ4Skp0NFpiN2cAAAAAGop2GBZvMEJoaVdrd1RSZUtsbTRZQ0FjWS1BAAAAABqkMasWel9EemJTWDJUN0NnWmoxb3lxbVczZwAAAAAdmsikFjNsQ3YwX25kUnFtNjhDTVFFZmVCNHcAAAAAG7uxiRYzLTl6di15UVI5T0R0ekU1ZDU1emRRAAAAAAnxDJ8WbXNDZkMzblNRQldDelVoSm5BNXNSdw== HTTP/1.1" 200 None
2024-10-04 16:02:48,863 - functions - INFO - Processing Complete
2024-10-04 16:19:55,040 - asyncio - DEBUG - Using selector: EpollSelector
2024-10-04 16:20:07,215 - asyncio - DEBUG - Using selector: EpollSelector
2024-10-04 16:20:07,216 - __main__ - INFO - Starting Crf_dict_cursor function
2024-10-04 16:20:07,216 - __main__ - DEBUG - Request URL: https://api.crossref.org/works?query.affiliation=Salisbury University&filter=from-pub-date:2018-01-01,until-pub-date:2018-12-12&sort=relevance&order=desc&rows=1000&cursor=*
2024-10-04 16:20:07,217 - __main__ - INFO - Starting Crf_dict_cursor function
2024-10-04 16:20:07,217 - __main__ - DEBUG - Request URL: https://api.crossref.org/works?query.affiliation=Salisbury University&filter=from-pub-date:2019-01-01,until-pub-date:2019-12-12&sort=relevance&order=desc&rows=1000&cursor=*
2024-10-04 16:20:07,217 - __main__ - INFO - Starting Crf_dict_cursor function
2024-10-04 16:20:07,217 - __main__ - DEBUG - Request URL: https://api.crossref.org/works?query.affiliation=Salisbury University&filter=from-pub-date:2020-01-01,until-pub-date:2020-12-12&sort=relevance&order=desc&rows=1000&cursor=*
2024-10-04 16:20:07,217 - __main__ - INFO - Starting Crf_dict_cursor function
2024-10-04 16:20:07,217 - __main__ - DEBUG - Request URL: https://api.crossref.org/works?query.affiliation=Salisbury University&filter=from-pub-date:2021-01-01,until-pub-date:2021-12-12&sort=relevance&order=desc&rows=1000&cursor=*
2024-10-04 16:20:44,854 - asyncio - DEBUG - Using selector: EpollSelector
2024-10-04 16:20:44,855 - __main__ - INFO - Starting Crf_dict_cursor function
2024-10-04 16:20:44,855 - __main__ - DEBUG - Request URL: https://api.crossref.org/works?query.affiliation=Salisbury University&filter=from-pub-date:2018-01-01,until-pub-date:2018-12-12&sort=relevance&order=desc&rows=1000&cursor=*
2024-10-04 16:20:44,855 - __main__ - INFO - Starting Crf_dict_cursor function
2024-10-04 16:20:44,856 - __main__ - DEBUG - Request URL: https://api.crossref.org/works?query.affiliation=Salisbury University&filter=from-pub-date:2019-01-01,until-pub-date:2019-12-12&sort=relevance&order=desc&rows=1000&cursor=*
2024-10-04 16:20:44,856 - __main__ - INFO - Starting Crf_dict_cursor function
2024-10-04 16:20:44,856 - __main__ - DEBUG - Request URL: https://api.crossref.org/works?query.affiliation=Salisbury University&filter=from-pub-date:2020-01-01,until-pub-date:2020-12-12&sort=relevance&order=desc&rows=1000&cursor=*
2024-10-04 16:20:44,856 - __main__ - INFO - Starting Crf_dict_cursor function
2024-10-04 16:20:44,856 - __main__ - DEBUG - Request URL: https://api.crossref.org/works?query.affiliation=Salisbury University&filter=from-pub-date:2021-01-01,until-pub-date:2021-12-12&sort=relevance&order=desc&rows=1000&cursor=*
2024-10-04 16:20:48,333 - __main__ - INFO - Processing API Pages from 2020-01-01 to 2020-12-12
2024-10-04 16:20:48,887 - __main__ - INFO - Processing API Pages from 2019-01-01 to 2019-12-12
2024-10-04 16:20:49,193 - __main__ - INFO - Processing API Pages from 2018-01-01 to 2018-12-12
2024-10-04 16:20:49,358 - __main__ - INFO - Processing API Pages from 2021-01-01 to 2021-12-12
2024-10-04 16:21:04,619 - __main__ - INFO - Processing Complete
2024-10-04 16:21:04,771 - __main__ - INFO - Processing Complete
2024-10-04 16:21:07,558 - __main__ - INFO - Processing Complete
2024-10-04 16:21:07,808 - __main__ - INFO - Processing Complete
2024-10-04 16:33:09,141 - asyncio - DEBUG - Using selector: EpollSelector
2024-10-04 16:33:09,141 - __main__ - INFO - Starting Crf_dict_cursor function
2024-10-04 16:33:09,142 - __main__ - DEBUG - Request URL: https://api.crossref.org/works?query.affiliation=Salisbury University&filter=from-pub-date:2018-01-01,until-pub-date:2018-12-12&sort=relevance&order=desc&rows=1000&cursor=*
2024-10-04 16:33:09,142 - __main__ - INFO - Starting Crf_dict_cursor function
2024-10-04 16:33:09,142 - __main__ - DEBUG - Request URL: https://api.crossref.org/works?query.affiliation=Salisbury University&filter=from-pub-date:2019-01-01,until-pub-date:2019-12-12&sort=relevance&order=desc&rows=1000&cursor=*
2024-10-04 16:33:09,142 - __main__ - INFO - Starting Crf_dict_cursor function
2024-10-04 16:33:09,143 - __main__ - DEBUG - Request URL: https://api.crossref.org/works?query.affiliation=Salisbury University&filter=from-pub-date:2020-01-01,until-pub-date:2020-12-12&sort=relevance&order=desc&rows=1000&cursor=*
2024-10-04 16:33:09,143 - __main__ - INFO - Starting Crf_dict_cursor function
2024-10-04 16:33:09,143 - __main__ - DEBUG - Request URL: https://api.crossref.org/works?query.affiliation=Salisbury University&filter=from-pub-date:2021-01-01,until-pub-date:2021-12-12&sort=relevance&order=desc&rows=1000&cursor=*
2024-10-04 16:33:09,143 - __main__ - INFO - Starting Crf_dict_cursor function
2024-10-04 16:33:09,143 - __main__ - DEBUG - Request URL: https://api.crossref.org/works?query.affiliation=Salisbury University&filter=from-pub-date:2022-01-01,until-pub-date:2022-12-12&sort=relevance&order=desc&rows=1000&cursor=*
2024-10-04 16:33:09,143 - __main__ - INFO - Starting Crf_dict_cursor function
2024-10-04 16:33:09,143 - __main__ - DEBUG - Request URL: https://api.crossref.org/works?query.affiliation=Salisbury University&filter=from-pub-date:2023-01-01,until-pub-date:2023-12-12&sort=relevance&order=desc&rows=1000&cursor=*
2024-10-04 16:33:09,144 - __main__ - INFO - Starting Crf_dict_cursor function
2024-10-04 16:33:09,144 - __main__ - DEBUG - Request URL: https://api.crossref.org/works?query.affiliation=Salisbury University&filter=from-pub-date:2024-01-01,until-pub-date:2024-12-12&sort=relevance&order=desc&rows=1000&cursor=*
2024-10-04 16:33:19,222 - root - WARNING - Exceeded max retries for 2019-01-01.
2024-10-04 16:33:19,222 - root - WARNING - Exceeded max retries for 2024-01-01.
2024-10-04 16:33:19,224 - root - WARNING - Exceeded max retries for 2020-01-01.
2024-10-04 16:33:19,226 - root - WARNING - Exceeded max retries for 2021-01-01.
2024-10-04 16:33:19,226 - root - WARNING - Exceeded max retries for 2023-01-01.
2024-10-04 16:33:19,228 - root - WARNING - Exceeded max retries for 2022-01-01.
2024-10-04 16:33:19,229 - root - WARNING - Exceeded max retries for 2018-01-01.
2024-10-04 16:33:56,699 - __main__ - INFO - Starting Crf_dict_cursor function
2024-10-04 16:33:56,699 - __main__ - DEBUG - Request URL: https://api.crossref.org/works?query.affiliation=Salisbury University&filter=from-pub-date:2024-01-01,until-pub-date:2024-12-12&sort=relevance&order=desc&rows=1000&cursor=*
2024-10-04 16:33:56,700 - urllib3.connectionpool - DEBUG - Starting new HTTPS connection (1): api.crossref.org:443
2024-10-04 16:33:59,866 - urllib3.connectionpool - DEBUG - https://api.crossref.org:443 "GET /works?query.affiliation=Salisbury%20University&filter=from-pub-date:2024-01-01,until-pub-date:2024-12-12&sort=relevance&order=desc&rows=1000&cursor=* HTTP/1.1" 200 None
2024-10-04 16:34:00,819 - __main__ - INFO - Processing API Pages from 2024-01-01 to 2024-12-12
2024-10-04 16:34:00,821 - urllib3.connectionpool - DEBUG - Starting new HTTPS connection (1): api.crossref.org:443
2024-10-04 16:34:03,021 - urllib3.connectionpool - DEBUG - https://api.crossref.org:443 "GET /works?query.affiliation=Salisbury%20University&filter=from-pub-date:2024-01-01,until-pub-date:2024-12-12&sort=relevance&order=desc&rows=1000&cursor=* HTTP/1.1" 200 None
2024-10-04 16:34:07,116 - urllib3.connectionpool - DEBUG - Starting new HTTPS connection (1): api.crossref.org:443
2024-10-04 16:34:09,505 - urllib3.connectionpool - DEBUG - https://api.crossref.org:443 "GET /works?query.affiliation=Salisbury%20University&filter=from-pub-date:2024-01-01,until-pub-date:2024-12-12&sort=relevance&order=desc&rows=1000&cursor=DnF1ZXJ5VGhlbkZldGNoBgAAAAAJubC_Flo0ZUxVcFdrUnZHX0U1VHJLM2wyRmcAAAAAGor0ThZvMEJoaVdrd1RSZUtsbTRZQ0FjWS1BAAAAAB1ZBtoWazdXTlZoRnVScFMtNnhxN1A4eEhEUQAAAAAXaqmJFjJqaHFGMHd5UnRXbVNsVlVaaFZ2aXcAAAAABuXBrhZhVVJRRXBxZ1NQS1dfbkl6bk5JZDZ3AAAAABbDECoWQVczemV1NkdUVVNzVlFnLUVxdWowUQ== HTTP/1.1" 200 None
2024-10-04 16:34:10,345 - __main__ - INFO - Processing Complete
2024-10-04 16:34:56,733 - asyncio - DEBUG - Using selector: EpollSelector
2024-10-04 16:34:56,734 - __main__ - INFO - Starting Crf_dict_cursor function
2024-10-04 16:34:56,734 - __main__ - DEBUG - Request URL: https://api.crossref.org/works?query.affiliation=Salisbury University&filter=from-pub-date:2018-01-01,until-pub-date:2018-12-12&sort=relevance&order=desc&rows=1000&cursor=*
2024-10-04 16:34:56,734 - __main__ - INFO - Starting Crf_dict_cursor function
2024-10-04 16:34:56,734 - __main__ - DEBUG - Request URL: https://api.crossref.org/works?query.affiliation=Salisbury University&filter=from-pub-date:2019-01-01,until-pub-date:2019-12-12&sort=relevance&order=desc&rows=1000&cursor=*
2024-10-04 16:34:56,735 - __main__ - INFO - Starting Crf_dict_cursor function
2024-10-04 16:34:56,735 - __main__ - DEBUG - Request URL: https://api.crossref.org/works?query.affiliation=Salisbury University&filter=from-pub-date:2020-01-01,until-pub-date:2020-12-12&sort=relevance&order=desc&rows=1000&cursor=*
2024-10-04 16:34:56,735 - __main__ - INFO - Starting Crf_dict_cursor function
2024-10-04 16:34:56,735 - __main__ - DEBUG - Request URL: https://api.crossref.org/works?query.affiliation=Salisbury University&filter=from-pub-date:2021-01-01,until-pub-date:2021-12-12&sort=relevance&order=desc&rows=1000&cursor=*
2024-10-04 16:34:56,735 - __main__ - INFO - Starting Crf_dict_cursor function
2024-10-04 16:34:56,735 - __main__ - DEBUG - Request URL: https://api.crossref.org/works?query.affiliation=Salisbury University&filter=from-pub-date:2022-01-01,until-pub-date:2022-12-12&sort=relevance&order=desc&rows=1000&cursor=*
2024-10-04 16:34:56,735 - __main__ - INFO - Starting Crf_dict_cursor function
2024-10-04 16:34:56,736 - __main__ - DEBUG - Request URL: https://api.crossref.org/works?query.affiliation=Salisbury University&filter=from-pub-date:2023-01-01,until-pub-date:2023-12-12&sort=relevance&order=desc&rows=1000&cursor=*
2024-10-04 16:34:56,736 - __main__ - INFO - Starting Crf_dict_cursor function
2024-10-04 16:34:56,736 - __main__ - DEBUG - Request URL: https://api.crossref.org/works?query.affiliation=Salisbury University&filter=from-pub-date:2024-01-01,until-pub-date:2024-12-12&sort=relevance&order=desc&rows=1000&cursor=*
2024-10-04 16:35:06,804 - root - WARNING - Exceeded max retries for 2018-01-01.
2024-10-04 16:35:06,805 - root - WARNING - Exceeded max retries for 2024-01-01.
2024-10-04 16:35:06,806 - root - WARNING - Exceeded max retries for 2020-01-01.
2024-10-04 16:35:06,806 - root - WARNING - Exceeded max retries for 2019-01-01.
2024-10-04 16:35:06,807 - root - WARNING - Exceeded max retries for 2023-01-01.
2024-10-04 16:35:06,808 - root - WARNING - Exceeded max retries for 2022-01-01.
2024-10-04 16:35:06,808 - root - WARNING - Exceeded max retries for 2021-01-01.
2024-10-04 16:35:43,443 - asyncio - DEBUG - Using selector: EpollSelector
2024-10-04 16:35:43,444 - __main__ - INFO - Starting Crf_dict_cursor function
2024-10-04 16:35:43,444 - __main__ - DEBUG - Request URL: https://api.crossref.org/works?query.affiliation=Salisbury University&filter=from-pub-date:2018-01-01,until-pub-date:2018-12-12&sort=relevance&order=desc&rows=1000&cursor=*
2024-10-04 16:35:43,444 - __main__ - INFO - Starting Crf_dict_cursor function
2024-10-04 16:35:43,445 - __main__ - DEBUG - Request URL: https://api.crossref.org/works?query.affiliation=Salisbury University&filter=from-pub-date:2019-01-01,until-pub-date:2019-12-12&sort=relevance&order=desc&rows=1000&cursor=*
2024-10-04 16:35:43,445 - __main__ - INFO - Starting Crf_dict_cursor function
2024-10-04 16:35:43,445 - __main__ - DEBUG - Request URL: https://api.crossref.org/works?query.affiliation=Salisbury University&filter=from-pub-date:2020-01-01,until-pub-date:2020-12-12&sort=relevance&order=desc&rows=1000&cursor=*
2024-10-04 16:35:43,445 - __main__ - INFO - Starting Crf_dict_cursor function
2024-10-04 16:35:43,445 - __main__ - DEBUG - Request URL: https://api.crossref.org/works?query.affiliation=Salisbury University&filter=from-pub-date:2021-01-01,until-pub-date:2021-12-12&sort=relevance&order=desc&rows=1000&cursor=*
2024-10-04 16:35:43,446 - __main__ - INFO - Starting Crf_dict_cursor function
2024-10-04 16:35:43,446 - __main__ - DEBUG - Request URL: https://api.crossref.org/works?query.affiliation=Salisbury University&filter=from-pub-date:2022-01-01,until-pub-date:2022-12-12&sort=relevance&order=desc&rows=1000&cursor=*
2024-10-04 16:35:43,446 - __main__ - INFO - Starting Crf_dict_cursor function
2024-10-04 16:35:43,446 - __main__ - DEBUG - Request URL: https://api.crossref.org/works?query.affiliation=Salisbury University&filter=from-pub-date:2023-01-01,until-pub-date:2023-12-12&sort=relevance&order=desc&rows=1000&cursor=*
2024-10-04 16:35:43,446 - __main__ - INFO - Starting Crf_dict_cursor function
2024-10-04 16:35:43,446 - __main__ - DEBUG - Request URL: https://api.crossref.org/works?query.affiliation=Salisbury University&filter=from-pub-date:2024-01-01,until-pub-date:2024-12-12&sort=relevance&order=desc&rows=1000&cursor=*
2024-10-04 16:35:53,515 - __main__ - DEBUG - Hit request limit for 2018-01-01, retrying in 5 seconds...
2024-10-04 16:35:53,515 - __main__ - DEBUG - Hit request limit for 2023-01-01, retrying in 5 seconds...
2024-10-04 16:35:53,516 - __main__ - DEBUG - Hit request limit for 2019-01-01, retrying in 5 seconds...
2024-10-04 16:35:53,517 - __main__ - DEBUG - Hit request limit for 2024-01-01, retrying in 5 seconds...
2024-10-04 16:35:53,518 - __main__ - DEBUG - Hit request limit for 2021-01-01, retrying in 5 seconds...
2024-10-04 16:35:53,518 - __main__ - DEBUG - Hit request limit for 2020-01-01, retrying in 5 seconds...
2024-10-04 16:35:53,519 - __main__ - DEBUG - Hit request limit for 2022-01-01, retrying in 5 seconds...
2024-10-04 16:36:08,594 - __main__ - DEBUG - Hit request limit for 2018-01-01, retrying in 5 seconds...
2024-10-04 16:36:08,595 - __main__ - DEBUG - Hit request limit for 2019-01-01, retrying in 5 seconds...
2024-10-04 16:36:08,598 - __main__ - DEBUG - Hit request limit for 2022-01-01, retrying in 5 seconds...
2024-10-04 16:36:08,598 - __main__ - DEBUG - Hit request limit for 2023-01-01, retrying in 5 seconds...
2024-10-04 16:36:08,602 - __main__ - DEBUG - Hit request limit for 2020-01-01, retrying in 5 seconds...
2024-10-04 16:36:08,603 - __main__ - DEBUG - Hit request limit for 2021-01-01, retrying in 5 seconds...
2024-10-04 16:36:08,603 - __main__ - DEBUG - Hit request limit for 2024-01-01, retrying in 5 seconds...
2024-10-04 16:36:23,670 - __main__ - DEBUG - Hit request limit for 2018-01-01, retrying in 5 seconds...
2024-10-04 16:36:23,676 - __main__ - DEBUG - Hit request limit for 2019-01-01, retrying in 5 seconds...
2024-10-04 16:36:23,676 - __main__ - DEBUG - Hit request limit for 2020-01-01, retrying in 5 seconds...
2024-10-04 16:36:23,677 - __main__ - DEBUG - Hit request limit for 2021-01-01, retrying in 5 seconds...
2024-10-04 16:36:23,679 - __main__ - DEBUG - Hit request limit for 2022-01-01, retrying in 5 seconds...
2024-10-04 16:36:23,682 - __main__ - DEBUG - Hit request limit for 2024-01-01, retrying in 5 seconds...
2024-10-04 16:36:23,683 - __main__ - DEBUG - Hit request limit for 2023-01-01, retrying in 5 seconds...
2024-10-04 16:36:38,745 - __main__ - DEBUG - Hit request limit for 2019-01-01, retrying in 5 seconds...
2024-10-04 16:36:38,750 - __main__ - DEBUG - Hit request limit for 2022-01-01, retrying in 5 seconds...
2024-10-04 16:36:38,750 - __main__ - DEBUG - Hit request limit for 2018-01-01, retrying in 5 seconds...
2024-10-04 16:36:38,757 - __main__ - DEBUG - Hit request limit for 2024-01-01, retrying in 5 seconds...
2024-10-04 16:36:38,757 - __main__ - DEBUG - Hit request limit for 2021-01-01, retrying in 5 seconds...
2024-10-04 16:36:38,758 - __main__ - DEBUG - Hit request limit for 2020-01-01, retrying in 5 seconds...
2024-10-04 16:36:38,759 - __main__ - DEBUG - Hit request limit for 2023-01-01, retrying in 5 seconds...
2024-10-04 16:36:53,819 - __main__ - DEBUG - Hit request limit for 2022-01-01, retrying in 5 seconds...
2024-10-04 16:36:53,821 - __main__ - DEBUG - Hit request limit for 2018-01-01, retrying in 5 seconds...
2024-10-04 16:36:53,823 - __main__ - DEBUG - Hit request limit for 2019-01-01, retrying in 5 seconds...
2024-10-04 16:36:53,827 - __main__ - DEBUG - Hit request limit for 2023-01-01, retrying in 5 seconds...
2024-10-04 16:36:53,828 - __main__ - DEBUG - Hit request limit for 2021-01-01, retrying in 5 seconds...
2024-10-04 16:36:53,830 - __main__ - DEBUG - Hit request limit for 2020-01-01, retrying in 5 seconds...
2024-10-04 16:36:53,830 - __main__ - DEBUG - Hit request limit for 2024-01-01, retrying in 5 seconds...
2024-10-04 16:37:08,910 - __main__ - DEBUG - Hit request limit for 2018-01-01, retrying in 5 seconds...
2024-10-04 16:37:08,911 - __main__ - DEBUG - Hit request limit for 2021-01-01, retrying in 5 seconds...
2024-10-04 16:37:08,915 - __main__ - DEBUG - Hit request limit for 2024-01-01, retrying in 5 seconds...
2024-10-04 16:37:08,917 - __main__ - DEBUG - Hit request limit for 2022-01-01, retrying in 5 seconds...
2024-10-04 16:37:08,917 - __main__ - DEBUG - Hit request limit for 2023-01-01, retrying in 5 seconds...
2024-10-04 16:37:08,917 - __main__ - DEBUG - Hit request limit for 2019-01-01, retrying in 5 seconds...
2024-10-04 16:37:08,919 - __main__ - DEBUG - Hit request limit for 2020-01-01, retrying in 5 seconds...
2024-10-04 16:37:23,990 - __main__ - DEBUG - Hit request limit for 2021-01-01, retrying in 5 seconds...
2024-10-04 16:37:23,990 - __main__ - DEBUG - Hit request limit for 2018-01-01, retrying in 5 seconds...
2024-10-04 16:37:23,996 - __main__ - DEBUG - Hit request limit for 2022-01-01, retrying in 5 seconds...
2024-10-04 16:37:23,996 - __main__ - DEBUG - Hit request limit for 2020-01-01, retrying in 5 seconds...
2024-10-04 16:37:23,997 - __main__ - DEBUG - Hit request limit for 2023-01-01, retrying in 5 seconds...
2024-10-04 16:37:23,998 - __main__ - DEBUG - Hit request limit for 2024-01-01, retrying in 5 seconds...
2024-10-04 16:37:23,999 - __main__ - DEBUG - Hit request limit for 2019-01-01, retrying in 5 seconds...
2024-10-04 16:37:39,070 - __main__ - DEBUG - Hit request limit for 2023-01-01, retrying in 5 seconds...
2024-10-04 16:37:39,072 - __main__ - DEBUG - Hit request limit for 2018-01-01, retrying in 5 seconds...
2024-10-04 16:37:39,072 - __main__ - DEBUG - Hit request limit for 2020-01-01, retrying in 5 seconds...
2024-10-04 16:37:39,078 - __main__ - DEBUG - Hit request limit for 2021-01-01, retrying in 5 seconds...
2024-10-04 16:37:39,078 - __main__ - DEBUG - Hit request limit for 2022-01-01, retrying in 5 seconds...
2024-10-04 16:37:39,079 - __main__ - DEBUG - Hit request limit for 2024-01-01, retrying in 5 seconds...
2024-10-04 16:37:39,080 - __main__ - DEBUG - Hit request limit for 2019-01-01, retrying in 5 seconds...
2024-10-04 16:37:54,151 - __main__ - DEBUG - Hit request limit for 2024-01-01, retrying in 5 seconds...
2024-10-04 16:37:54,152 - __main__ - DEBUG - Hit request limit for 2021-01-01, retrying in 5 seconds...
2024-10-04 16:37:54,153 - __main__ - DEBUG - Hit request limit for 2022-01-01, retrying in 5 seconds...
2024-10-04 16:37:54,159 - __main__ - DEBUG - Hit request limit for 2020-01-01, retrying in 5 seconds...
2024-10-04 16:37:54,160 - __main__ - DEBUG - Hit request limit for 2023-01-01, retrying in 5 seconds...
2024-10-04 16:37:54,161 - __main__ - DEBUG - Hit request limit for 2018-01-01, retrying in 5 seconds...
2024-10-04 16:37:54,162 - __main__ - DEBUG - Hit request limit for 2019-01-01, retrying in 5 seconds...
2024-10-04 16:38:09,224 - __main__ - DEBUG - Hit request limit for 2024-01-01, retrying in 5 seconds...
2024-10-04 16:38:09,226 - __main__ - DEBUG - Hit request limit for 2021-01-01, retrying in 5 seconds...
2024-10-04 16:38:09,226 - __main__ - DEBUG - Hit request limit for 2022-01-01, retrying in 5 seconds...
2024-10-04 16:38:09,231 - __main__ - DEBUG - Hit request limit for 2018-01-01, retrying in 5 seconds...
2024-10-04 16:38:09,231 - __main__ - DEBUG - Hit request limit for 2020-01-01, retrying in 5 seconds...
2024-10-04 16:38:09,234 - __main__ - DEBUG - Hit request limit for 2023-01-01, retrying in 5 seconds...
2024-10-04 16:38:09,235 - __main__ - DEBUG - Hit request limit for 2019-01-01, retrying in 5 seconds...
2024-10-04 16:38:24,312 - __main__ - DEBUG - Hit request limit for 2018-01-01, retrying in 5 seconds...
2024-10-04 16:38:24,314 - __main__ - DEBUG - Hit request limit for 2022-01-01, retrying in 5 seconds...
2024-10-04 16:38:24,314 - __main__ - DEBUG - Hit request limit for 2020-01-01, retrying in 5 seconds...
2024-10-04 16:38:24,322 - __main__ - DEBUG - Hit request limit for 2019-01-01, retrying in 5 seconds...
2024-10-04 16:38:24,324 - __main__ - DEBUG - Hit request limit for 2021-01-01, retrying in 5 seconds...
2024-10-04 16:38:24,324 - __main__ - DEBUG - Hit request limit for 2024-01-01, retrying in 5 seconds...
2024-10-04 16:38:24,324 - __main__ - DEBUG - Hit request limit for 2023-01-01, retrying in 5 seconds...
2024-10-04 16:38:39,391 - __main__ - DEBUG - Hit request limit for 2022-01-01, retrying in 5 seconds...
2024-10-04 16:38:39,392 - __main__ - DEBUG - Hit request limit for 2020-01-01, retrying in 5 seconds...
2024-10-04 16:38:39,394 - __main__ - DEBUG - Hit request limit for 2018-01-01, retrying in 5 seconds...
2024-10-04 16:38:39,395 - __main__ - DEBUG - Hit request limit for 2019-01-01, retrying in 5 seconds...
2024-10-04 16:38:39,397 - __main__ - DEBUG - Hit request limit for 2023-01-01, retrying in 5 seconds...
2024-10-04 16:38:39,399 - __main__ - DEBUG - Hit request limit for 2024-01-01, retrying in 5 seconds...
2024-10-04 16:38:39,400 - __main__ - DEBUG - Hit request limit for 2021-01-01, retrying in 5 seconds...
2024-10-04 16:38:54,468 - __main__ - DEBUG - Hit request limit for 2019-01-01, retrying in 5 seconds...
2024-10-04 16:38:54,469 - __main__ - DEBUG - Hit request limit for 2023-01-01, retrying in 5 seconds...
2024-10-04 16:38:54,476 - __main__ - DEBUG - Hit request limit for 2020-01-01, retrying in 5 seconds...
2024-10-04 16:38:54,476 - __main__ - DEBUG - Hit request limit for 2018-01-01, retrying in 5 seconds...
2024-10-04 16:38:54,477 - __main__ - DEBUG - Hit request limit for 2022-01-01, retrying in 5 seconds...
2024-10-04 16:38:54,481 - __main__ - DEBUG - Hit request limit for 2024-01-01, retrying in 5 seconds...
2024-10-04 16:38:54,481 - __main__ - DEBUG - Hit request limit for 2021-01-01, retrying in 5 seconds...
2024-10-04 16:39:09,543 - __main__ - DEBUG - Hit request limit for 2022-01-01, retrying in 5 seconds...
2024-10-04 16:39:09,547 - __main__ - DEBUG - Hit request limit for 2018-01-01, retrying in 5 seconds...
2024-10-04 16:39:09,548 - __main__ - DEBUG - Hit request limit for 2023-01-01, retrying in 5 seconds...
2024-10-04 16:39:09,554 - __main__ - DEBUG - Hit request limit for 2020-01-01, retrying in 5 seconds...
2024-10-04 16:39:09,555 - __main__ - DEBUG - Hit request limit for 2021-01-01, retrying in 5 seconds...
2024-10-04 16:39:09,555 - __main__ - DEBUG - Hit request limit for 2019-01-01, retrying in 5 seconds...
2024-10-04 16:39:09,557 - __main__ - DEBUG - Hit request limit for 2024-01-01, retrying in 5 seconds...
2024-10-04 16:39:24,617 - __main__ - DEBUG - Hit request limit for 2018-01-01, retrying in 5 seconds...
2024-10-04 16:39:24,622 - __main__ - DEBUG - Hit request limit for 2023-01-01, retrying in 5 seconds...
2024-10-04 16:39:24,622 - __main__ - DEBUG - Hit request limit for 2020-01-01, retrying in 5 seconds...
2024-10-04 16:39:24,623 - __main__ - DEBUG - Hit request limit for 2022-01-01, retrying in 5 seconds...
2024-10-04 16:39:24,627 - __main__ - DEBUG - Hit request limit for 2019-01-01, retrying in 5 seconds...
2024-10-04 16:39:24,628 - __main__ - DEBUG - Hit request limit for 2024-01-01, retrying in 5 seconds...
2024-10-04 16:39:24,630 - __main__ - DEBUG - Hit request limit for 2021-01-01, retrying in 5 seconds...
2024-10-04 16:39:39,689 - __main__ - DEBUG - Hit request limit for 2023-01-01, retrying in 5 seconds...
2024-10-04 16:39:39,692 - __main__ - DEBUG - Hit request limit for 2018-01-01, retrying in 5 seconds...
2024-10-04 16:39:39,698 - __main__ - DEBUG - Hit request limit for 2020-01-01, retrying in 5 seconds...
2024-10-04 16:39:39,700 - __main__ - DEBUG - Hit request limit for 2019-01-01, retrying in 5 seconds...
2024-10-04 16:39:39,701 - __main__ - DEBUG - Hit request limit for 2024-01-01, retrying in 5 seconds...
2024-10-04 16:39:39,702 - __main__ - DEBUG - Hit request limit for 2022-01-01, retrying in 5 seconds...
2024-10-04 16:39:39,703 - __main__ - DEBUG - Hit request limit for 2021-01-01, retrying in 5 seconds...
2024-10-04 16:39:54,766 - __main__ - DEBUG - Hit request limit for 2018-01-01, retrying in 5 seconds...
2024-10-04 16:39:54,766 - __main__ - DEBUG - Hit request limit for 2023-01-01, retrying in 5 seconds...
2024-10-04 16:39:54,774 - __main__ - DEBUG - Hit request limit for 2019-01-01, retrying in 5 seconds...
2024-10-04 16:39:54,775 - __main__ - DEBUG - Hit request limit for 2024-01-01, retrying in 5 seconds...
2024-10-04 16:39:54,776 - __main__ - DEBUG - Hit request limit for 2020-01-01, retrying in 5 seconds...
2024-10-04 16:39:54,777 - __main__ - DEBUG - Hit request limit for 2022-01-01, retrying in 5 seconds...
2024-10-04 16:39:54,778 - __main__ - DEBUG - Hit request limit for 2021-01-01, retrying in 5 seconds...
2024-10-04 16:40:09,841 - __main__ - DEBUG - Hit request limit for 2024-01-01, retrying in 5 seconds...
2024-10-04 16:40:09,843 - __main__ - DEBUG - Hit request limit for 2019-01-01, retrying in 5 seconds...
2024-10-04 16:40:09,850 - __main__ - DEBUG - Hit request limit for 2018-01-01, retrying in 5 seconds...
2024-10-04 16:40:09,850 - __main__ - DEBUG - Hit request limit for 2020-01-01, retrying in 5 seconds...
2024-10-04 16:40:09,853 - __main__ - DEBUG - Hit request limit for 2023-01-01, retrying in 5 seconds...
2024-10-04 16:40:09,853 - __main__ - DEBUG - Hit request limit for 2022-01-01, retrying in 5 seconds...
2024-10-04 16:40:09,854 - __main__ - DEBUG - Hit request limit for 2021-01-01, retrying in 5 seconds...
2024-10-04 16:41:39,927 - asyncio - DEBUG - Using selector: EpollSelector
2024-10-04 16:41:39,928 - __main__ - INFO - Starting Crf_dict_cursor function
2024-10-04 16:41:39,928 - __main__ - DEBUG - Request URL: https://api.crossref.org/works?query.affiliation=Salisbury University&filter=from-pub-date:2018-01-01,until-pub-date:2018-12-12&sort=relevance&order=desc&rows=1000&cursor=*
2024-10-04 16:41:39,928 - __main__ - INFO - Starting Crf_dict_cursor function
2024-10-04 16:41:39,928 - __main__ - DEBUG - Request URL: https://api.crossref.org/works?query.affiliation=Salisbury University&filter=from-pub-date:2019-01-01,until-pub-date:2019-12-12&sort=relevance&order=desc&rows=1000&cursor=*
2024-10-04 16:41:39,929 - __main__ - INFO - Starting Crf_dict_cursor function
2024-10-04 16:41:39,929 - __main__ - DEBUG - Request URL: https://api.crossref.org/works?query.affiliation=Salisbury University&filter=from-pub-date:2020-01-01,until-pub-date:2020-12-12&sort=relevance&order=desc&rows=1000&cursor=*
2024-10-04 16:41:39,929 - __main__ - INFO - Starting Crf_dict_cursor function
2024-10-04 16:41:39,929 - __main__ - DEBUG - Request URL: https://api.crossref.org/works?query.affiliation=Salisbury University&filter=from-pub-date:2021-01-01,until-pub-date:2021-12-12&sort=relevance&order=desc&rows=1000&cursor=*
2024-10-04 16:41:39,929 - __main__ - INFO - Starting Crf_dict_cursor function
2024-10-04 16:41:39,929 - __main__ - DEBUG - Request URL: https://api.crossref.org/works?query.affiliation=Salisbury University&filter=from-pub-date:2022-01-01,until-pub-date:2022-12-12&sort=relevance&order=desc&rows=1000&cursor=*
2024-10-04 16:41:39,930 - __main__ - INFO - Starting Crf_dict_cursor function
2024-10-04 16:41:39,930 - __main__ - DEBUG - Request URL: https://api.crossref.org/works?query.affiliation=Salisbury University&filter=from-pub-date:2023-01-01,until-pub-date:2023-12-12&sort=relevance&order=desc&rows=1000&cursor=*
2024-10-04 16:41:39,930 - __main__ - INFO - Starting Crf_dict_cursor function
2024-10-04 16:41:39,930 - __main__ - DEBUG - Request URL: https://api.crossref.org/works?query.affiliation=Salisbury University&filter=from-pub-date:2024-01-01,until-pub-date:2024-12-12&sort=relevance&order=desc&rows=1000&cursor=*
2024-10-04 16:41:50,011 - __main__ - DEBUG - Hit request limit for 2023-01-01, retrying in 3 seconds...
2024-10-04 16:41:50,011 - __main__ - DEBUG - Hit request limit for 2021-01-01, retrying in 3 seconds...
2024-10-04 16:41:50,013 - __main__ - DEBUG - Hit request limit for 2019-01-01, retrying in 3 seconds...
2024-10-04 16:41:50,013 - __main__ - DEBUG - Hit request limit for 2018-01-01, retrying in 3 seconds...
2024-10-04 16:41:50,014 - __main__ - DEBUG - Hit request limit for 2024-01-01, retrying in 3 seconds...
2024-10-04 16:41:50,015 - __main__ - DEBUG - Hit request limit for 2020-01-01, retrying in 3 seconds...
2024-10-04 16:41:50,015 - __main__ - DEBUG - Hit request limit for 2022-01-01, retrying in 3 seconds...
2024-10-04 16:42:03,082 - __main__ - DEBUG - Hit request limit for 2019-01-01, retrying in 3 seconds...
2024-10-04 16:42:03,086 - __main__ - DEBUG - Hit request limit for 2021-01-01, retrying in 3 seconds...
2024-10-04 16:42:03,089 - __main__ - DEBUG - Hit request limit for 2023-01-01, retrying in 3 seconds...
2024-10-04 16:42:03,096 - __main__ - DEBUG - Hit request limit for 2022-01-01, retrying in 3 seconds...
2024-10-04 16:42:03,096 - __main__ - DEBUG - Hit request limit for 2018-01-01, retrying in 3 seconds...
2024-10-04 16:42:03,097 - __main__ - DEBUG - Hit request limit for 2020-01-01, retrying in 3 seconds...
2024-10-04 16:42:03,098 - __main__ - DEBUG - Hit request limit for 2024-01-01, retrying in 3 seconds...
2024-10-04 16:42:16,153 - __main__ - DEBUG - Hit request limit for 2023-01-01, retrying in 3 seconds...
2024-10-04 16:42:16,156 - __main__ - DEBUG - Hit request limit for 2021-01-01, retrying in 3 seconds...
2024-10-04 16:42:16,156 - __main__ - DEBUG - Hit request limit for 2019-01-01, retrying in 3 seconds...
2024-10-04 16:42:16,161 - __main__ - DEBUG - Hit request limit for 2018-01-01, retrying in 3 seconds...
2024-10-04 16:42:16,162 - __main__ - DEBUG - Hit request limit for 2022-01-01, retrying in 3 seconds...
2024-10-04 16:42:16,165 - __main__ - DEBUG - Hit request limit for 2020-01-01, retrying in 3 seconds...
2024-10-04 16:42:16,166 - __main__ - DEBUG - Hit request limit for 2024-01-01, retrying in 3 seconds...
2024-10-04 16:42:29,229 - __main__ - DEBUG - Hit request limit for 2023-01-01, retrying in 3 seconds...
2024-10-04 16:42:29,229 - __main__ - DEBUG - Hit request limit for 2019-01-01, retrying in 3 seconds...
2024-10-04 16:42:29,230 - __main__ - DEBUG - Hit request limit for 2021-01-01, retrying in 3 seconds...
2024-10-04 16:42:29,233 - __main__ - DEBUG - Hit request limit for 2022-01-01, retrying in 3 seconds...
2024-10-04 16:42:29,235 - __main__ - DEBUG - Hit request limit for 2020-01-01, retrying in 3 seconds...
2024-10-04 16:42:29,236 - __main__ - DEBUG - Hit request limit for 2024-01-01, retrying in 3 seconds...
2024-10-04 16:42:29,240 - __main__ - DEBUG - Hit request limit for 2018-01-01, retrying in 3 seconds...
2024-10-04 16:42:42,300 - __main__ - DEBUG - Hit request limit for 2023-01-01, retrying in 3 seconds...
2024-10-04 16:42:42,300 - __main__ - DEBUG - Hit request limit for 2020-01-01, retrying in 3 seconds...
2024-10-04 16:42:42,304 - __main__ - DEBUG - Hit request limit for 2024-01-01, retrying in 3 seconds...
2024-10-04 16:42:42,311 - __main__ - DEBUG - Hit request limit for 2018-01-01, retrying in 3 seconds...
2024-10-04 16:42:42,311 - __main__ - DEBUG - Hit request limit for 2019-01-01, retrying in 3 seconds...
2024-10-04 16:42:42,312 - __main__ - DEBUG - Hit request limit for 2021-01-01, retrying in 3 seconds...
2024-10-04 16:42:42,312 - __main__ - DEBUG - Hit request limit for 2022-01-01, retrying in 3 seconds...
2024-10-04 16:42:55,374 - __main__ - DEBUG - Hit request limit for 2020-01-01, retrying in 3 seconds...
2024-10-04 16:42:55,375 - __main__ - DEBUG - Hit request limit for 2024-01-01, retrying in 3 seconds...
2024-10-04 16:42:55,376 - __main__ - DEBUG - Hit request limit for 2023-01-01, retrying in 3 seconds...
2024-10-04 16:42:55,377 - __main__ - DEBUG - Hit request limit for 2019-01-01, retrying in 3 seconds...
2024-10-04 16:42:55,381 - __main__ - DEBUG - Hit request limit for 2021-01-01, retrying in 3 seconds...
2024-10-04 16:42:55,385 - __main__ - DEBUG - Hit request limit for 2022-01-01, retrying in 3 seconds...
2024-10-04 16:42:55,385 - __main__ - DEBUG - Hit request limit for 2018-01-01, retrying in 3 seconds...
2024-10-04 16:43:08,451 - __main__ - DEBUG - Hit request limit for 2023-01-01, retrying in 3 seconds...
2024-10-04 16:43:08,452 - __main__ - DEBUG - Hit request limit for 2021-01-01, retrying in 3 seconds...
2024-10-04 16:43:08,454 - __main__ - DEBUG - Hit request limit for 2024-01-01, retrying in 3 seconds...
2024-10-04 16:43:08,458 - __main__ - DEBUG - Hit request limit for 2020-01-01, retrying in 3 seconds...
2024-10-04 16:43:08,460 - __main__ - DEBUG - Hit request limit for 2019-01-01, retrying in 3 seconds...
2024-10-04 16:43:08,460 - __main__ - DEBUG - Hit request limit for 2022-01-01, retrying in 3 seconds...
2024-10-04 16:43:08,461 - __main__ - DEBUG - Hit request limit for 2018-01-01, retrying in 3 seconds...
2024-10-04 16:43:21,529 - __main__ - DEBUG - Hit request limit for 2024-01-01, retrying in 3 seconds...
2024-10-04 16:43:21,530 - __main__ - DEBUG - Hit request limit for 2019-01-01, retrying in 3 seconds...
2024-10-04 16:43:21,531 - __main__ - DEBUG - Hit request limit for 2021-01-01, retrying in 3 seconds...
2024-10-04 16:43:21,531 - __main__ - DEBUG - Hit request limit for 2023-01-01, retrying in 3 seconds...
2024-10-04 16:43:21,536 - __main__ - DEBUG - Hit request limit for 2020-01-01, retrying in 3 seconds...
2024-10-04 16:43:21,537 - __main__ - DEBUG - Hit request limit for 2022-01-01, retrying in 3 seconds...
2024-10-04 16:43:21,537 - __main__ - DEBUG - Hit request limit for 2018-01-01, retrying in 3 seconds...
2024-10-04 16:43:34,599 - __main__ - DEBUG - Hit request limit for 2024-01-01, retrying in 3 seconds...
2024-10-04 16:43:34,604 - __main__ - DEBUG - Hit request limit for 2019-01-01, retrying in 3 seconds...
2024-10-04 16:43:34,604 - __main__ - DEBUG - Hit request limit for 2020-01-01, retrying in 3 seconds...
2024-10-04 16:43:34,610 - __main__ - DEBUG - Hit request limit for 2021-01-01, retrying in 3 seconds...
2024-10-04 16:43:34,611 - __main__ - DEBUG - Hit request limit for 2018-01-01, retrying in 3 seconds...
2024-10-04 16:43:34,612 - __main__ - DEBUG - Hit request limit for 2022-01-01, retrying in 3 seconds...
2024-10-04 16:43:34,613 - __main__ - DEBUG - Hit request limit for 2023-01-01, retrying in 3 seconds...
2024-10-04 16:47:17,145 - asyncio - DEBUG - Using selector: EpollSelector
2024-10-04 16:47:17,146 - __main__ - INFO - Starting Crf_dict_cursor function
2024-10-04 16:47:17,146 - __main__ - DEBUG - Request URL: https://api.crossref.org/works?query.affiliation=Salisbury University&filter=from-pub-date:2018-01-01,until-pub-date:2018-12-12&sort=relevance&order=desc&rows=1000&cursor=*
2024-10-04 16:47:17,147 - __main__ - INFO - Starting Crf_dict_cursor function
2024-10-04 16:47:17,147 - __main__ - DEBUG - Request URL: https://api.crossref.org/works?query.affiliation=Salisbury University&filter=from-pub-date:2019-01-01,until-pub-date:2019-12-12&sort=relevance&order=desc&rows=1000&cursor=*
2024-10-04 16:47:17,147 - __main__ - INFO - Starting Crf_dict_cursor function
2024-10-04 16:47:17,147 - __main__ - DEBUG - Request URL: https://api.crossref.org/works?query.affiliation=Salisbury University&filter=from-pub-date:2020-01-01,until-pub-date:2020-12-12&sort=relevance&order=desc&rows=1000&cursor=*
2024-10-04 16:47:17,147 - __main__ - INFO - Starting Crf_dict_cursor function
2024-10-04 16:47:17,148 - __main__ - DEBUG - Request URL: https://api.crossref.org/works?query.affiliation=Salisbury University&filter=from-pub-date:2021-01-01,until-pub-date:2021-12-12&sort=relevance&order=desc&rows=1000&cursor=*
2024-10-04 16:47:20,114 - root - INFO - getting data from response...... 
2024-10-04 16:47:20,903 - root - INFO - getting data from response...... 
2024-10-04 16:47:20,930 - root - INFO - getting data from response...... 
2024-10-04 16:47:21,103 - root - INFO - getting data from response...... 
2024-10-04 16:47:23,342 - root - INFO - getting data from response...... 
2024-10-04 16:47:24,717 - root - INFO - getting data from response...... 
2024-10-04 16:47:24,720 - root - INFO - getting data from response...... 
2024-10-04 16:47:25,750 - root - INFO - getting data from response...... 
2024-10-04 16:47:26,089 - root - INFO - getting data from response...... 
2024-10-04 16:47:27,498 - root - INFO - getting data from response...... 
2024-10-04 16:47:29,241 - root - INFO - getting data from response...... 
2024-10-04 16:47:29,529 - root - INFO - getting data from response...... 
2024-10-04 16:47:30,137 - root - INFO - getting data from response...... 
2024-10-04 16:47:30,247 - root - INFO - getting data from response...... 
2024-10-04 16:47:31,799 - root - INFO - getting data from response...... 
2024-10-04 16:47:33,862 - root - INFO - getting data from response...... 
2024-10-04 16:47:34,314 - __main__ - INFO - Processing API Pages from 2020-01-01 to 2020-12-12
2024-10-04 16:47:34,319 - root - INFO - getting data from response...... 
2024-10-04 16:47:34,319 - root - INFO - getting data from response...... 
2024-10-04 16:49:01,504 - asyncio - DEBUG - Using selector: EpollSelector
2024-10-04 16:49:01,504 - __main__ - INFO - Starting Crf_dict_cursor function
2024-10-04 16:49:01,504 - __main__ - DEBUG - Request URL: https://api.crossref.org/works?query.affiliation=Salisbury University&filter=from-pub-date:2018-01-01,until-pub-date:2018-12-12&sort=relevance&order=desc&rows=1000&cursor=*
2024-10-04 16:49:01,505 - __main__ - INFO - Starting Crf_dict_cursor function
2024-10-04 16:49:01,505 - __main__ - DEBUG - Request URL: https://api.crossref.org/works?query.affiliation=Salisbury University&filter=from-pub-date:2019-01-01,until-pub-date:2019-12-12&sort=relevance&order=desc&rows=1000&cursor=*
2024-10-04 16:49:01,505 - __main__ - INFO - Starting Crf_dict_cursor function
2024-10-04 16:49:01,505 - __main__ - DEBUG - Request URL: https://api.crossref.org/works?query.affiliation=Salisbury University&filter=from-pub-date:2020-01-01,until-pub-date:2020-12-12&sort=relevance&order=desc&rows=1000&cursor=*
2024-10-04 16:49:01,505 - __main__ - INFO - Starting Crf_dict_cursor function
2024-10-04 16:49:01,505 - __main__ - DEBUG - Request URL: https://api.crossref.org/works?query.affiliation=Salisbury University&filter=from-pub-date:2021-01-01,until-pub-date:2021-12-12&sort=relevance&order=desc&rows=1000&cursor=*
2024-10-04 16:49:05,874 - root - INFO - getting data from response...... 
2024-10-04 16:49:06,758 - root - INFO - getting data from response...... 
2024-10-04 16:49:06,859 - root - INFO - getting data from response...... 
2024-10-04 16:49:07,025 - root - INFO - getting data from response...... 
2024-10-04 16:49:08,538 - root - INFO - getting data from response...... 
2024-10-04 16:49:10,992 - root - INFO - getting data from response...... 
2024-10-04 16:49:11,673 - root - INFO - getting data from response...... 
2024-10-04 16:49:11,758 - root - INFO - getting data from response...... 
2024-10-04 16:49:12,279 - root - INFO - getting data from response...... 
2024-10-04 16:49:15,045 - root - INFO - getting data from response...... 
2024-10-04 16:49:15,111 - root - INFO - getting data from response...... 
2024-10-04 16:49:15,741 - root - INFO - getting data from response...... 
2024-10-04 16:49:15,989 - root - INFO - getting data from response...... 
2024-10-04 16:49:18,205 - root - INFO - getting data from response...... 
2024-10-04 16:49:18,245 - root - INFO - getting data from response...... 
2024-10-04 16:49:18,706 - __main__ - INFO - Processing API Pages from 2019-01-01 to 2019-12-12
2024-10-04 16:49:42,149 - asyncio - DEBUG - Using selector: EpollSelector
2024-10-04 16:49:42,149 - __main__ - INFO - Starting Crf_dict_cursor function
2024-10-04 16:49:42,150 - __main__ - DEBUG - Request URL: https://api.crossref.org/works?query.affiliation=Salisbury University&filter=from-pub-date:2018-01-01,until-pub-date:2018-12-12&sort=relevance&order=desc&rows=1000&cursor=*
2024-10-04 16:49:42,150 - __main__ - INFO - Starting Crf_dict_cursor function
2024-10-04 16:49:42,150 - __main__ - DEBUG - Request URL: https://api.crossref.org/works?query.affiliation=Salisbury University&filter=from-pub-date:2019-01-01,until-pub-date:2019-12-12&sort=relevance&order=desc&rows=1000&cursor=*
2024-10-04 16:49:42,151 - __main__ - INFO - Starting Crf_dict_cursor function
2024-10-04 16:49:42,151 - __main__ - DEBUG - Request URL: https://api.crossref.org/works?query.affiliation=Salisbury University&filter=from-pub-date:2020-01-01,until-pub-date:2020-12-12&sort=relevance&order=desc&rows=1000&cursor=*
2024-10-04 16:49:42,151 - __main__ - INFO - Starting Crf_dict_cursor function
2024-10-04 16:49:42,151 - __main__ - DEBUG - Request URL: https://api.crossref.org/works?query.affiliation=Salisbury University&filter=from-pub-date:2021-01-01,until-pub-date:2021-12-12&sort=relevance&order=desc&rows=1000&cursor=*
2024-10-04 16:49:44,632 - root - INFO - getting data from response...... 
2024-10-04 16:49:44,717 - root - INFO - getting data from response...... 
2024-10-04 16:49:45,111 - __main__ - INFO - Processing API Pages from 2021-01-01 to 2021-12-12
2024-10-04 16:49:45,284 - __main__ - INFO - Processing API Pages from 2018-01-01 to 2018-12-12
2024-10-04 16:49:45,564 - root - INFO - getting data from response...... 
2024-10-04 16:49:45,574 - root - INFO - getting data from response...... 
2024-10-04 16:49:45,988 - __main__ - INFO - Processing API Pages from 2020-01-01 to 2020-12-12
2024-10-04 16:49:46,128 - __main__ - INFO - Processing API Pages from 2019-01-01 to 2019-12-12
2024-10-04 16:49:47,092 - root - INFO - getting data from response...... 
2024-10-04 16:49:50,549 - root - INFO - getting data from response...... 
2024-10-04 16:49:50,550 - root - INFO - getting data from response...... 
2024-10-04 16:49:50,550 - root - INFO - getting data from response...... 
2024-10-04 16:50:00,167 - root - INFO - getting data from response...... 
2024-10-04 16:50:00,454 - __main__ - INFO - Processing Complete
2024-10-04 16:50:02,945 - root - INFO - getting data from response...... 
2024-10-04 16:50:03,299 - __main__ - INFO - Processing Complete
2024-10-04 16:50:04,454 - root - INFO - getting data from response...... 
2024-10-04 16:50:04,856 - __main__ - INFO - Processing Complete
2024-10-04 16:50:04,875 - root - INFO - getting data from response...... 
2024-10-04 16:50:05,227 - __main__ - INFO - Processing Complete
2024-10-04 16:50:28,390 - asyncio - DEBUG - Using selector: EpollSelector
2024-10-04 16:50:28,391 - __main__ - INFO - Starting Crf_dict_cursor function
2024-10-04 16:50:28,391 - __main__ - DEBUG - Request URL: https://api.crossref.org/works?query.affiliation=Salisbury University&filter=from-pub-date:2018-01-01,until-pub-date:2018-12-12&sort=relevance&order=desc&rows=1000&cursor=*
2024-10-04 16:50:28,391 - __main__ - INFO - Starting Crf_dict_cursor function
2024-10-04 16:50:28,391 - __main__ - DEBUG - Request URL: https://api.crossref.org/works?query.affiliation=Salisbury University&filter=from-pub-date:2019-01-01,until-pub-date:2019-12-12&sort=relevance&order=desc&rows=1000&cursor=*
2024-10-04 16:50:28,392 - __main__ - INFO - Starting Crf_dict_cursor function
2024-10-04 16:50:28,392 - __main__ - DEBUG - Request URL: https://api.crossref.org/works?query.affiliation=Salisbury University&filter=from-pub-date:2020-01-01,until-pub-date:2020-12-12&sort=relevance&order=desc&rows=1000&cursor=*
2024-10-04 16:50:28,392 - __main__ - INFO - Starting Crf_dict_cursor function
2024-10-04 16:50:28,392 - __main__ - DEBUG - Request URL: https://api.crossref.org/works?query.affiliation=Salisbury University&filter=from-pub-date:2021-01-01,until-pub-date:2021-12-12&sort=relevance&order=desc&rows=1000&cursor=*
2024-10-04 16:50:28,392 - __main__ - INFO - Starting Crf_dict_cursor function
2024-10-04 16:50:28,392 - __main__ - DEBUG - Request URL: https://api.crossref.org/works?query.affiliation=Salisbury University&filter=from-pub-date:2022-01-01,until-pub-date:2022-12-12&sort=relevance&order=desc&rows=1000&cursor=*
2024-10-04 16:50:28,393 - __main__ - INFO - Starting Crf_dict_cursor function
2024-10-04 16:50:28,393 - __main__ - DEBUG - Request URL: https://api.crossref.org/works?query.affiliation=Salisbury University&filter=from-pub-date:2023-01-01,until-pub-date:2023-12-12&sort=relevance&order=desc&rows=1000&cursor=*
2024-10-04 16:50:28,393 - __main__ - INFO - Starting Crf_dict_cursor function
2024-10-04 16:50:28,393 - __main__ - DEBUG - Request URL: https://api.crossref.org/works?query.affiliation=Salisbury University&filter=from-pub-date:2024-01-01,until-pub-date:2024-12-12&sort=relevance&order=desc&rows=1000&cursor=*
2024-10-04 16:50:38,476 - __main__ - DEBUG - Hit request limit for 2019-01-01, retrying in 3 seconds...
2024-10-04 16:50:38,476 - __main__ - DEBUG - Hit request limit for 2018-01-01, retrying in 3 seconds...
2024-10-04 16:50:38,476 - __main__ - DEBUG - Hit request limit for 2020-01-01, retrying in 3 seconds...
2024-10-04 16:50:38,477 - __main__ - DEBUG - Hit request limit for 2024-01-01, retrying in 3 seconds...
2024-10-04 16:50:38,478 - __main__ - DEBUG - Hit request limit for 2023-01-01, retrying in 3 seconds...
2024-10-04 16:50:38,479 - __main__ - DEBUG - Hit request limit for 2022-01-01, retrying in 3 seconds...
2024-10-04 16:50:38,480 - __main__ - DEBUG - Hit request limit for 2021-01-01, retrying in 3 seconds...
2024-10-04 16:50:51,546 - __main__ - DEBUG - Hit request limit for 2019-01-01, retrying in 3 seconds...
2024-10-04 16:50:51,551 - __main__ - DEBUG - Hit request limit for 2024-01-01, retrying in 3 seconds...
2024-10-04 16:50:51,556 - __main__ - DEBUG - Hit request limit for 2022-01-01, retrying in 3 seconds...
2024-10-04 16:50:51,557 - __main__ - DEBUG - Hit request limit for 2023-01-01, retrying in 3 seconds...
2024-10-04 16:50:51,558 - __main__ - DEBUG - Hit request limit for 2020-01-01, retrying in 3 seconds...
2024-10-04 16:50:51,559 - __main__ - DEBUG - Hit request limit for 2021-01-01, retrying in 3 seconds...
2024-10-04 16:50:51,561 - __main__ - DEBUG - Hit request limit for 2018-01-01, retrying in 3 seconds...
2024-10-04 16:51:04,620 - __main__ - DEBUG - Hit request limit for 2019-01-01, retrying in 3 seconds...
2024-10-04 16:51:04,621 - __main__ - DEBUG - Hit request limit for 2024-01-01, retrying in 3 seconds...
2024-10-04 16:51:04,623 - __main__ - DEBUG - Hit request limit for 2022-01-01, retrying in 3 seconds...
2024-10-04 16:51:04,624 - __main__ - DEBUG - Hit request limit for 2023-01-01, retrying in 3 seconds...
2024-10-04 16:51:04,627 - __main__ - DEBUG - Hit request limit for 2021-01-01, retrying in 3 seconds...
2024-10-04 16:51:04,628 - __main__ - DEBUG - Hit request limit for 2020-01-01, retrying in 3 seconds...
2024-10-04 16:51:04,631 - __main__ - DEBUG - Hit request limit for 2018-01-01, retrying in 3 seconds...
2024-10-04 16:51:17,692 - __main__ - DEBUG - Hit request limit for 2021-01-01, retrying in 3 seconds...
2024-10-04 16:51:17,696 - __main__ - DEBUG - Hit request limit for 2022-01-01, retrying in 3 seconds...
2024-10-04 16:51:17,697 - __main__ - DEBUG - Hit request limit for 2019-01-01, retrying in 3 seconds...
2024-10-04 16:51:17,704 - __main__ - DEBUG - Hit request limit for 2024-01-01, retrying in 3 seconds...
2024-10-04 16:51:17,705 - __main__ - DEBUG - Hit request limit for 2020-01-01, retrying in 3 seconds...
2024-10-04 16:51:17,706 - __main__ - DEBUG - Hit request limit for 2023-01-01, retrying in 3 seconds...
2024-10-04 16:51:17,706 - __main__ - DEBUG - Hit request limit for 2018-01-01, retrying in 3 seconds...
2024-10-04 16:51:30,765 - __main__ - DEBUG - Hit request limit for 2022-01-01, retrying in 3 seconds...
2024-10-04 16:51:30,766 - __main__ - DEBUG - Hit request limit for 2019-01-01, retrying in 3 seconds...
2024-10-04 16:51:30,768 - __main__ - DEBUG - Hit request limit for 2021-01-01, retrying in 3 seconds...
2024-10-04 16:51:30,772 - __main__ - DEBUG - Hit request limit for 2024-01-01, retrying in 3 seconds...
2024-10-04 16:51:30,773 - __main__ - DEBUG - Hit request limit for 2023-01-01, retrying in 3 seconds...
2024-10-04 16:51:30,777 - __main__ - DEBUG - Hit request limit for 2018-01-01, retrying in 3 seconds...
2024-10-04 16:51:30,779 - __main__ - DEBUG - Hit request limit for 2020-01-01, retrying in 3 seconds...
2024-10-04 16:51:43,838 - __main__ - DEBUG - Hit request limit for 2024-01-01, retrying in 3 seconds...
2024-10-04 16:51:43,838 - __main__ - DEBUG - Hit request limit for 2022-01-01, retrying in 3 seconds...
2024-10-04 16:51:43,844 - __main__ - DEBUG - Hit request limit for 2021-01-01, retrying in 3 seconds...
2024-10-04 16:51:43,844 - __main__ - DEBUG - Hit request limit for 2019-01-01, retrying in 3 seconds...
2024-10-04 16:51:43,845 - __main__ - DEBUG - Hit request limit for 2023-01-01, retrying in 3 seconds...
2024-10-04 16:51:43,846 - __main__ - DEBUG - Hit request limit for 2018-01-01, retrying in 3 seconds...
2024-10-04 16:51:43,848 - __main__ - DEBUG - Hit request limit for 2020-01-01, retrying in 3 seconds...
2024-10-04 16:51:56,912 - __main__ - DEBUG - Hit request limit for 2022-01-01, retrying in 3 seconds...
2024-10-04 16:51:56,913 - __main__ - DEBUG - Hit request limit for 2021-01-01, retrying in 3 seconds...
2024-10-04 16:51:56,918 - __main__ - DEBUG - Hit request limit for 2019-01-01, retrying in 3 seconds...
2024-10-04 16:51:56,919 - __main__ - DEBUG - Hit request limit for 2023-01-01, retrying in 3 seconds...
2024-10-04 16:51:56,921 - __main__ - DEBUG - Hit request limit for 2024-01-01, retrying in 3 seconds...
2024-10-04 16:51:56,921 - __main__ - DEBUG - Hit request limit for 2018-01-01, retrying in 3 seconds...
2024-10-04 16:51:56,922 - __main__ - DEBUG - Hit request limit for 2020-01-01, retrying in 3 seconds...
2024-10-04 16:52:09,997 - __main__ - DEBUG - Hit request limit for 2024-01-01, retrying in 3 seconds...
2024-10-04 16:52:10,004 - __main__ - DEBUG - Hit request limit for 2022-01-01, retrying in 3 seconds...
2024-10-04 16:52:10,005 - __main__ - DEBUG - Hit request limit for 2019-01-01, retrying in 3 seconds...
2024-10-04 16:52:10,005 - __main__ - DEBUG - Hit request limit for 2023-01-01, retrying in 3 seconds...
2024-10-04 16:52:10,009 - __main__ - DEBUG - Hit request limit for 2021-01-01, retrying in 3 seconds...
2024-10-04 16:52:10,010 - __main__ - DEBUG - Hit request limit for 2018-01-01, retrying in 3 seconds...
2024-10-04 16:52:10,011 - __main__ - DEBUG - Hit request limit for 2020-01-01, retrying in 3 seconds...
2024-10-04 16:52:23,066 - __main__ - DEBUG - Hit request limit for 2024-01-01, retrying in 3 seconds...
2024-10-04 16:52:23,068 - __main__ - DEBUG - Hit request limit for 2022-01-01, retrying in 3 seconds...
2024-10-04 16:52:23,072 - __main__ - DEBUG - Hit request limit for 2023-01-01, retrying in 3 seconds...
2024-10-04 16:52:23,073 - __main__ - DEBUG - Hit request limit for 2019-01-01, retrying in 3 seconds...
2024-10-04 16:52:23,077 - __main__ - DEBUG - Hit request limit for 2018-01-01, retrying in 3 seconds...
2024-10-04 16:52:23,077 - __main__ - DEBUG - Hit request limit for 2021-01-01, retrying in 3 seconds...
2024-10-04 16:52:23,078 - __main__ - DEBUG - Hit request limit for 2020-01-01, retrying in 3 seconds...
2024-10-04 16:52:36,135 - __main__ - DEBUG - Hit request limit for 2023-01-01, retrying in 3 seconds...
2024-10-04 16:52:36,138 - __main__ - DEBUG - Hit request limit for 2022-01-01, retrying in 3 seconds...
2024-10-04 16:52:36,140 - __main__ - DEBUG - Hit request limit for 2024-01-01, retrying in 3 seconds...
2024-10-04 16:52:36,145 - __main__ - DEBUG - Hit request limit for 2019-01-01, retrying in 3 seconds...
2024-10-04 16:52:36,145 - __main__ - DEBUG - Hit request limit for 2018-01-01, retrying in 3 seconds...
2024-10-04 16:52:36,146 - __main__ - DEBUG - Hit request limit for 2021-01-01, retrying in 3 seconds...
2024-10-04 16:52:36,148 - __main__ - DEBUG - Hit request limit for 2020-01-01, retrying in 3 seconds...
2024-10-04 16:52:49,209 - __main__ - DEBUG - Hit request limit for 2024-01-01, retrying in 3 seconds...
2024-10-04 16:52:49,210 - __main__ - DEBUG - Hit request limit for 2022-01-01, retrying in 3 seconds...
2024-10-04 16:52:49,215 - __main__ - DEBUG - Hit request limit for 2018-01-01, retrying in 3 seconds...
2024-10-04 16:52:49,215 - __main__ - DEBUG - Hit request limit for 2019-01-01, retrying in 3 seconds...
2024-10-04 16:52:49,217 - __main__ - DEBUG - Hit request limit for 2023-01-01, retrying in 3 seconds...
2024-10-04 16:52:49,219 - __main__ - DEBUG - Hit request limit for 2021-01-01, retrying in 3 seconds...
2024-10-04 16:52:49,219 - __main__ - DEBUG - Hit request limit for 2020-01-01, retrying in 3 seconds...
2024-10-04 16:53:02,283 - __main__ - DEBUG - Hit request limit for 2018-01-01, retrying in 3 seconds...
2024-10-04 16:53:02,284 - __main__ - DEBUG - Hit request limit for 2024-01-01, retrying in 3 seconds...
2024-10-04 16:53:02,292 - __main__ - DEBUG - Hit request limit for 2023-01-01, retrying in 3 seconds...
2024-10-04 16:53:02,292 - __main__ - DEBUG - Hit request limit for 2021-01-01, retrying in 3 seconds...
2024-10-04 16:53:02,293 - __main__ - DEBUG - Hit request limit for 2022-01-01, retrying in 3 seconds...
2024-10-04 16:53:02,294 - __main__ - DEBUG - Hit request limit for 2020-01-01, retrying in 3 seconds...
2024-10-04 16:53:02,294 - __main__ - DEBUG - Hit request limit for 2019-01-01, retrying in 3 seconds...
2024-10-04 16:53:15,351 - __main__ - DEBUG - Hit request limit for 2018-01-01, retrying in 3 seconds...
2024-10-04 16:53:15,354 - __main__ - DEBUG - Hit request limit for 2024-01-01, retrying in 3 seconds...
2024-10-04 16:53:15,356 - __main__ - DEBUG - Hit request limit for 2021-01-01, retrying in 3 seconds...
2024-10-04 16:53:15,360 - __main__ - DEBUG - Hit request limit for 2023-01-01, retrying in 3 seconds...
2024-10-04 16:53:15,361 - __main__ - DEBUG - Hit request limit for 2019-01-01, retrying in 3 seconds...
2024-10-04 16:53:15,365 - __main__ - DEBUG - Hit request limit for 2020-01-01, retrying in 3 seconds...
2024-10-04 16:53:15,366 - __main__ - DEBUG - Hit request limit for 2022-01-01, retrying in 3 seconds...
2024-10-04 16:53:28,422 - __main__ - DEBUG - Hit request limit for 2021-01-01, retrying in 3 seconds...
2024-10-04 16:53:28,423 - __main__ - DEBUG - Hit request limit for 2018-01-01, retrying in 3 seconds...
2024-10-04 16:53:28,425 - __main__ - DEBUG - Hit request limit for 2024-01-01, retrying in 3 seconds...
2024-10-04 16:53:28,427 - __main__ - DEBUG - Hit request limit for 2023-01-01, retrying in 3 seconds...
2024-10-04 16:53:28,427 - __main__ - DEBUG - Hit request limit for 2019-01-01, retrying in 3 seconds...
2024-10-04 16:53:28,432 - __main__ - DEBUG - Hit request limit for 2022-01-01, retrying in 3 seconds...
2024-10-04 16:53:28,434 - __main__ - DEBUG - Hit request limit for 2020-01-01, retrying in 3 seconds...
2024-10-04 16:53:41,496 - __main__ - DEBUG - Hit request limit for 2021-01-01, retrying in 3 seconds...
2024-10-04 16:53:41,496 - __main__ - DEBUG - Hit request limit for 2019-01-01, retrying in 3 seconds...
2024-10-04 16:53:41,498 - __main__ - DEBUG - Hit request limit for 2024-01-01, retrying in 3 seconds...
2024-10-04 16:53:41,500 - __main__ - DEBUG - Hit request limit for 2018-01-01, retrying in 3 seconds...
2024-10-04 16:53:41,505 - __main__ - DEBUG - Hit request limit for 2020-01-01, retrying in 3 seconds...
2024-10-04 16:53:41,505 - __main__ - DEBUG - Hit request limit for 2022-01-01, retrying in 3 seconds...
2024-10-04 16:53:41,505 - __main__ - DEBUG - Hit request limit for 2023-01-01, retrying in 3 seconds...
2024-10-04 16:53:54,566 - __main__ - DEBUG - Hit request limit for 2024-01-01, retrying in 3 seconds...
2024-10-04 16:53:54,569 - __main__ - DEBUG - Hit request limit for 2022-01-01, retrying in 3 seconds...
2024-10-04 16:53:54,569 - __main__ - DEBUG - Hit request limit for 2019-01-01, retrying in 3 seconds...
2024-10-04 16:53:54,570 - __main__ - DEBUG - Hit request limit for 2021-01-01, retrying in 3 seconds...
2024-10-04 16:53:54,571 - __main__ - DEBUG - Hit request limit for 2020-01-01, retrying in 3 seconds...
2024-10-04 16:53:54,572 - __main__ - DEBUG - Hit request limit for 2018-01-01, retrying in 3 seconds...
2024-10-04 16:53:54,578 - __main__ - DEBUG - Hit request limit for 2023-01-01, retrying in 3 seconds...
2024-10-04 16:54:07,639 - __main__ - DEBUG - Hit request limit for 2024-01-01, retrying in 3 seconds...
2024-10-04 16:54:07,642 - __main__ - DEBUG - Hit request limit for 2021-01-01, retrying in 3 seconds...
2024-10-04 16:54:07,642 - __main__ - DEBUG - Hit request limit for 2022-01-01, retrying in 3 seconds...
2024-10-04 16:54:07,646 - __main__ - DEBUG - Hit request limit for 2020-01-01, retrying in 3 seconds...
2024-10-04 16:54:07,646 - __main__ - DEBUG - Hit request limit for 2018-01-01, retrying in 3 seconds...
2024-10-04 16:54:07,647 - __main__ - DEBUG - Hit request limit for 2019-01-01, retrying in 3 seconds...
2024-10-04 16:54:07,648 - __main__ - DEBUG - Hit request limit for 2023-01-01, retrying in 3 seconds...
2024-10-04 16:54:20,709 - __main__ - DEBUG - Hit request limit for 2024-01-01, retrying in 3 seconds...
2024-10-04 16:54:20,711 - __main__ - DEBUG - Hit request limit for 2022-01-01, retrying in 3 seconds...
2024-10-04 16:54:20,716 - __main__ - DEBUG - Hit request limit for 2021-01-01, retrying in 3 seconds...
2024-10-04 16:54:20,718 - __main__ - DEBUG - Hit request limit for 2020-01-01, retrying in 3 seconds...
2024-10-04 16:54:20,718 - __main__ - DEBUG - Hit request limit for 2023-01-01, retrying in 3 seconds...
2024-10-04 16:54:20,720 - __main__ - DEBUG - Hit request limit for 2019-01-01, retrying in 3 seconds...
2024-10-04 16:54:20,721 - __main__ - DEBUG - Hit request limit for 2018-01-01, retrying in 3 seconds...
2024-10-04 16:54:33,778 - __main__ - DEBUG - Hit request limit for 2024-01-01, retrying in 3 seconds...
2024-10-04 16:54:33,783 - __main__ - DEBUG - Hit request limit for 2022-01-01, retrying in 3 seconds...
2024-10-04 16:54:33,788 - __main__ - DEBUG - Hit request limit for 2023-01-01, retrying in 3 seconds...
2024-10-04 16:54:33,789 - __main__ - DEBUG - Hit request limit for 2021-01-01, retrying in 3 seconds...
2024-10-04 16:54:33,790 - __main__ - DEBUG - Hit request limit for 2019-01-01, retrying in 3 seconds...
2024-10-04 16:54:33,793 - __main__ - DEBUG - Hit request limit for 2018-01-01, retrying in 3 seconds...
2024-10-04 16:54:33,794 - __main__ - DEBUG - Hit request limit for 2020-01-01, retrying in 3 seconds...
2024-10-04 16:54:46,848 - __main__ - DEBUG - Hit request limit for 2022-01-01, retrying in 3 seconds...
2024-10-04 16:54:46,852 - __main__ - DEBUG - Hit request limit for 2024-01-01, retrying in 3 seconds...
2024-10-04 16:54:46,853 - __main__ - DEBUG - Hit request limit for 2023-01-01, retrying in 3 seconds...
2024-10-04 16:54:46,856 - __main__ - DEBUG - Hit request limit for 2019-01-01, retrying in 3 seconds...
2024-10-04 16:54:46,857 - __main__ - DEBUG - Hit request limit for 2021-01-01, retrying in 3 seconds...
2024-10-04 16:54:46,859 - __main__ - DEBUG - Hit request limit for 2018-01-01, retrying in 3 seconds...
2024-10-04 16:54:46,862 - __main__ - DEBUG - Hit request limit for 2020-01-01, retrying in 3 seconds...
2024-10-04 16:54:59,917 - __main__ - DEBUG - Hit request limit for 2022-01-01, retrying in 3 seconds...
2024-10-04 16:54:59,921 - __main__ - DEBUG - Hit request limit for 2023-01-01, retrying in 3 seconds...
2024-10-04 16:54:59,923 - __main__ - DEBUG - Hit request limit for 2019-01-01, retrying in 3 seconds...
2024-10-04 16:54:59,924 - __main__ - DEBUG - Hit request limit for 2024-01-01, retrying in 3 seconds...
2024-10-04 16:54:59,928 - __main__ - DEBUG - Hit request limit for 2020-01-01, retrying in 3 seconds...
2024-10-04 16:54:59,929 - __main__ - DEBUG - Hit request limit for 2021-01-01, retrying in 3 seconds...
2024-10-04 16:54:59,929 - __main__ - DEBUG - Hit request limit for 2018-01-01, retrying in 3 seconds...
2024-10-04 16:55:12,989 - __main__ - DEBUG - Hit request limit for 2022-01-01, retrying in 3 seconds...
2024-10-04 16:55:12,990 - __main__ - DEBUG - Hit request limit for 2023-01-01, retrying in 3 seconds...
2024-10-04 16:55:12,992 - __main__ - DEBUG - Hit request limit for 2019-01-01, retrying in 3 seconds...
2024-10-04 16:55:12,997 - __main__ - DEBUG - Hit request limit for 2020-01-01, retrying in 3 seconds...
2024-10-04 16:55:12,998 - __main__ - DEBUG - Hit request limit for 2021-01-01, retrying in 3 seconds...
2024-10-04 16:55:12,999 - __main__ - DEBUG - Hit request limit for 2024-01-01, retrying in 3 seconds...
2024-10-04 16:55:13,011 - __main__ - DEBUG - Hit request limit for 2018-01-01, retrying in 3 seconds...
2024-10-04 16:55:26,072 - __main__ - DEBUG - Hit request limit for 2022-01-01, retrying in 3 seconds...
2024-10-04 16:55:26,074 - __main__ - DEBUG - Hit request limit for 2019-01-01, retrying in 3 seconds...
2024-10-04 16:55:26,075 - __main__ - DEBUG - Hit request limit for 2023-01-01, retrying in 3 seconds...
2024-10-04 16:55:26,079 - __main__ - DEBUG - Hit request limit for 2018-01-01, retrying in 3 seconds...
2024-10-04 16:55:26,081 - __main__ - DEBUG - Hit request limit for 2024-01-01, retrying in 3 seconds...
2024-10-04 16:55:26,082 - __main__ - DEBUG - Hit request limit for 2020-01-01, retrying in 3 seconds...
2024-10-04 16:55:26,084 - __main__ - DEBUG - Hit request limit for 2021-01-01, retrying in 3 seconds...
2024-10-04 16:55:39,190 - __main__ - DEBUG - Hit request limit for 2023-01-01, retrying in 3 seconds...
2024-10-04 16:55:39,191 - __main__ - DEBUG - Hit request limit for 2019-01-01, retrying in 3 seconds...
2024-10-04 16:55:39,200 - __main__ - DEBUG - Hit request limit for 2018-01-01, retrying in 3 seconds...
2024-10-04 16:55:39,200 - __main__ - DEBUG - Hit request limit for 2024-01-01, retrying in 3 seconds...
2024-10-04 16:55:39,202 - __main__ - DEBUG - Hit request limit for 2022-01-01, retrying in 3 seconds...
2024-10-04 16:55:39,202 - __main__ - DEBUG - Hit request limit for 2021-01-01, retrying in 3 seconds...
2024-10-04 16:55:39,203 - __main__ - DEBUG - Hit request limit for 2020-01-01, retrying in 3 seconds...
2024-10-04 16:55:52,259 - __main__ - DEBUG - Hit request limit for 2023-01-01, retrying in 3 seconds...
2024-10-04 16:55:52,264 - __main__ - DEBUG - Hit request limit for 2019-01-01, retrying in 3 seconds...
2024-10-04 16:55:52,265 - __main__ - DEBUG - Hit request limit for 2018-01-01, retrying in 3 seconds...
2024-10-04 16:55:52,268 - __main__ - DEBUG - Hit request limit for 2024-01-01, retrying in 3 seconds...
2024-10-04 16:55:52,272 - __main__ - DEBUG - Hit request limit for 2021-01-01, retrying in 3 seconds...
2024-10-04 16:55:52,272 - __main__ - DEBUG - Hit request limit for 2022-01-01, retrying in 3 seconds...
2024-10-04 16:55:52,273 - __main__ - DEBUG - Hit request limit for 2020-01-01, retrying in 3 seconds...
2024-10-04 16:56:05,334 - __main__ - DEBUG - Hit request limit for 2018-01-01, retrying in 3 seconds...
2024-10-04 16:56:05,337 - __main__ - DEBUG - Hit request limit for 2024-01-01, retrying in 3 seconds...
2024-10-04 16:56:05,339 - __main__ - DEBUG - Hit request limit for 2019-01-01, retrying in 3 seconds...
2024-10-04 16:56:05,340 - __main__ - DEBUG - Hit request limit for 2023-01-01, retrying in 3 seconds...
2024-10-04 16:56:05,342 - __main__ - DEBUG - Hit request limit for 2021-01-01, retrying in 3 seconds...
2024-10-04 16:56:05,343 - __main__ - DEBUG - Hit request limit for 2020-01-01, retrying in 3 seconds...
2024-10-04 16:56:05,345 - __main__ - DEBUG - Hit request limit for 2022-01-01, retrying in 3 seconds...
2024-10-04 16:56:18,404 - __main__ - DEBUG - Hit request limit for 2018-01-01, retrying in 3 seconds...
2024-10-04 16:56:18,406 - __main__ - DEBUG - Hit request limit for 2019-01-01, retrying in 3 seconds...
2024-10-04 16:56:18,409 - __main__ - DEBUG - Hit request limit for 2023-01-01, retrying in 3 seconds...
2024-10-04 16:56:18,416 - __main__ - DEBUG - Hit request limit for 2024-01-01, retrying in 3 seconds...
2024-10-04 16:56:18,416 - __main__ - DEBUG - Hit request limit for 2021-01-01, retrying in 3 seconds...
2024-10-04 16:56:18,417 - __main__ - DEBUG - Hit request limit for 2020-01-01, retrying in 3 seconds...
2024-10-04 16:56:18,418 - __main__ - DEBUG - Hit request limit for 2022-01-01, retrying in 3 seconds...
2024-10-04 16:56:31,471 - __main__ - DEBUG - Hit request limit for 2018-01-01, retrying in 3 seconds...
2024-10-04 16:56:31,476 - __main__ - DEBUG - Hit request limit for 2019-01-01, retrying in 3 seconds...
2024-10-04 16:56:31,477 - __main__ - DEBUG - Hit request limit for 2023-01-01, retrying in 3 seconds...
2024-10-04 16:56:31,480 - __main__ - DEBUG - Hit request limit for 2024-01-01, retrying in 3 seconds...
2024-10-04 16:56:31,481 - __main__ - DEBUG - Hit request limit for 2020-01-01, retrying in 3 seconds...
2024-10-04 16:56:31,485 - __main__ - DEBUG - Hit request limit for 2021-01-01, retrying in 3 seconds...
2024-10-04 16:56:31,486 - __main__ - DEBUG - Hit request limit for 2022-01-01, retrying in 3 seconds...
2024-10-04 16:56:44,545 - __main__ - DEBUG - Hit request limit for 2018-01-01, retrying in 3 seconds...
2024-10-04 16:56:44,547 - __main__ - DEBUG - Hit request limit for 2019-01-01, retrying in 3 seconds...
2024-10-04 16:56:44,549 - __main__ - DEBUG - Hit request limit for 2024-01-01, retrying in 3 seconds...
2024-10-04 16:56:44,552 - __main__ - DEBUG - Hit request limit for 2020-01-01, retrying in 3 seconds...
2024-10-04 16:56:44,553 - __main__ - DEBUG - Hit request limit for 2023-01-01, retrying in 3 seconds...
2024-10-04 16:56:44,555 - __main__ - DEBUG - Hit request limit for 2022-01-01, retrying in 3 seconds...
2024-10-04 16:56:44,557 - __main__ - DEBUG - Hit request limit for 2021-01-01, retrying in 3 seconds...
2024-10-04 16:56:57,619 - __main__ - DEBUG - Hit request limit for 2019-01-01, retrying in 3 seconds...
2024-10-04 16:56:57,623 - __main__ - DEBUG - Hit request limit for 2018-01-01, retrying in 3 seconds...
2024-10-04 16:56:57,625 - __main__ - DEBUG - Hit request limit for 2023-01-01, retrying in 3 seconds...
2024-10-04 16:56:57,625 - __main__ - DEBUG - Hit request limit for 2020-01-01, retrying in 3 seconds...
2024-10-04 16:56:57,628 - __main__ - DEBUG - Hit request limit for 2022-01-01, retrying in 3 seconds...
2024-10-04 16:56:57,630 - __main__ - DEBUG - Hit request limit for 2021-01-01, retrying in 3 seconds...
2024-10-04 16:56:57,631 - __main__ - DEBUG - Hit request limit for 2024-01-01, retrying in 3 seconds...
2024-10-04 16:57:10,697 - __main__ - DEBUG - Hit request limit for 2019-01-01, retrying in 3 seconds...
2024-10-04 16:57:10,704 - __main__ - DEBUG - Hit request limit for 2018-01-01, retrying in 3 seconds...
2024-10-04 16:57:10,705 - __main__ - DEBUG - Hit request limit for 2022-01-01, retrying in 3 seconds...
2024-10-04 16:57:10,709 - __main__ - DEBUG - Hit request limit for 2023-01-01, retrying in 3 seconds...
2024-10-04 16:57:10,711 - __main__ - DEBUG - Hit request limit for 2021-01-01, retrying in 3 seconds...
2024-10-04 16:57:10,712 - __main__ - DEBUG - Hit request limit for 2024-01-01, retrying in 3 seconds...
2024-10-04 16:57:10,713 - __main__ - DEBUG - Hit request limit for 2020-01-01, retrying in 3 seconds...
2024-10-04 16:58:43,897 - asyncio - DEBUG - Using selector: EpollSelector
2024-10-04 16:58:43,897 - __main__ - INFO - Starting Crf_dict_cursor function
2024-10-04 16:58:43,897 - __main__ - DEBUG - Request URL: https://api.crossref.org/works?query.affiliation=Salisbury University&filter=from-pub-date:2018-01-01,until-pub-date:2018-12-12&sort=relevance&order=desc&rows=1000&cursor=*
2024-10-04 16:58:43,898 - __main__ - INFO - Starting Crf_dict_cursor function
2024-10-04 16:58:43,898 - __main__ - DEBUG - Request URL: https://api.crossref.org/works?query.affiliation=Salisbury University&filter=from-pub-date:2019-01-01,until-pub-date:2019-12-12&sort=relevance&order=desc&rows=1000&cursor=*
2024-10-04 16:58:43,898 - __main__ - INFO - Starting Crf_dict_cursor function
2024-10-04 16:58:43,898 - __main__ - INFO - Starting Crf_dict_cursor function
2024-10-04 16:58:43,899 - __main__ - INFO - Starting Crf_dict_cursor function
2024-10-04 16:58:43,899 - __main__ - INFO - Starting Crf_dict_cursor function
2024-10-04 16:58:43,899 - __main__ - INFO - Starting Crf_dict_cursor function
2024-10-04 16:58:47,372 - root - INFO - getting data from response...... 
2024-10-04 16:58:47,982 - __main__ - INFO - Processing API Pages from 2019-01-01 to 2019-12-12
2024-10-04 16:58:47,982 - __main__ - DEBUG - Request URL: https://api.crossref.org/works?query.affiliation=Salisbury University&filter=from-pub-date:2020-01-01,until-pub-date:2020-12-12&sort=relevance&order=desc&rows=1000&cursor=*
2024-10-04 16:58:48,217 - root - INFO - getting data from response...... 
2024-10-04 16:58:48,742 - __main__ - INFO - Processing API Pages from 2018-01-01 to 2018-12-12
2024-10-04 16:58:48,743 - __main__ - DEBUG - Request URL: https://api.crossref.org/works?query.affiliation=Salisbury University&filter=from-pub-date:2021-01-01,until-pub-date:2021-12-12&sort=relevance&order=desc&rows=1000&cursor=*
2024-10-04 16:58:50,683 - root - INFO - getting data from response...... 
2024-10-04 16:58:50,740 - root - INFO - getting data from response...... 
2024-10-04 16:58:50,973 - root - INFO - getting data from response...... 
2024-10-04 16:58:51,174 - __main__ - INFO - Processing API Pages from 2020-01-01 to 2020-12-12
2024-10-04 16:58:51,176 - __main__ - DEBUG - Request URL: https://api.crossref.org/works?query.affiliation=Salisbury University&filter=from-pub-date:2022-01-01,until-pub-date:2022-12-12&sort=relevance&order=desc&rows=1000&cursor=*
2024-10-04 16:58:51,185 - root - INFO - getting data from response...... 
2024-10-04 16:58:54,444 - root - INFO - getting data from response...... 
2024-10-04 16:58:57,746 - __main__ - INFO - Processing API Pages from 2021-01-01 to 2021-12-12
2024-10-04 16:58:57,748 - root - INFO - getting data from response...... 
2024-10-04 16:58:57,748 - __main__ - DEBUG - Request URL: https://api.crossref.org/works?query.affiliation=Salisbury University&filter=from-pub-date:2023-01-01,until-pub-date:2023-12-12&sort=relevance&order=desc&rows=1000&cursor=*
2024-10-04 16:59:00,936 - root - INFO - getting data from response...... 
2024-10-04 16:59:00,937 - root - INFO - getting data from response...... 
2024-10-04 16:59:00,937 - root - INFO - getting data from response...... 
2024-10-04 16:59:00,937 - root - INFO - getting data from response...... 
2024-10-04 16:59:01,092 - __main__ - INFO - Processing API Pages from 2022-01-01 to 2022-12-12
2024-10-04 16:59:01,093 - __main__ - DEBUG - Request URL: https://api.crossref.org/works?query.affiliation=Salisbury University&filter=from-pub-date:2024-01-01,until-pub-date:2024-12-12&sort=relevance&order=desc&rows=1000&cursor=*
2024-10-04 16:59:01,310 - __main__ - INFO - Processing Complete
2024-10-04 16:59:01,422 - __main__ - INFO - Processing Complete
2024-10-04 16:59:04,755 - __main__ - INFO - Processing API Pages from 2023-01-01 to 2023-12-12
2024-10-04 16:59:05,025 - root - INFO - getting data from response...... 
2024-10-04 16:59:05,666 - __main__ - INFO - Processing Complete
2024-10-04 16:59:07,589 - root - INFO - getting data from response...... 
2024-10-04 16:59:08,037 - __main__ - INFO - Processing Complete
2024-10-04 16:59:08,160 - root - INFO - getting data from response...... 
2024-10-04 16:59:12,270 - __main__ - DEBUG - Hit request limit for 2022-01-01, retrying in 3 seconds...
2024-10-04 16:59:12,270 - __main__ - DEBUG - Hit request limit for 2024-01-01, retrying in 3 seconds...
2024-10-04 16:59:15,835 - root - INFO - getting data from response...... 
2024-10-04 16:59:17,307 - __main__ - INFO - Processing Complete
2024-10-04 16:59:19,727 - root - INFO - getting data from response...... 
2024-10-04 16:59:19,931 - root - INFO - getting data from response...... 
2024-10-04 16:59:20,970 - __main__ - INFO - Processing API Pages from 2024-01-01 to 2024-12-12
2024-10-04 16:59:27,543 - root - INFO - getting data from response...... 
2024-10-04 16:59:27,667 - root - INFO - getting data from response...... 
2024-10-04 16:59:28,147 - __main__ - INFO - Processing Complete
2024-10-04 16:59:33,964 - root - INFO - getting data from response...... 
2024-10-04 16:59:34,749 - __main__ - INFO - Processing Complete
